<?xml version="1.0" encoding="UTF-8"?>
<!-- Generated by org.testng.reporters.JUnitReportReporter -->
<testsuite skipped="0" hostname="Usuario-PC" name="tests.ContactUsTests" tests="1" failures="0" timestamp="05 sep 2018 01:15:56 GMT" time="10.936" errors="0">
  <testcase name="contactTest" time="10.936" classname="tests.ContactUsTests"/>
</testsuite> <!-- tests.ContactUsTests -->
