<?xml version="1.0" encoding="UTF-8"?>
<!-- Generated by org.testng.reporters.JUnitReportReporter -->
<testsuite skipped="0" hostname="Usuario-PC" name="tests.CompareTests" tests="2" failures="0" timestamp="04 sep 2018 23:39:32 GMT" time="18.625" errors="0">
  <testcase name="compareProductsTest" time="7.065" classname="tests.CompareTests"/>
  <testcase name="cleanListTest" time="11.560" classname="tests.CompareTests"/>
</testsuite> <!-- tests.CompareTests -->
